[2022-09-19 00:04:58,644] INFO Registered kafka:type=kafka.Log4jController MBean (kafka.utils.Log4jControllerRegistration$)
[2022-09-19 00:04:58,896] INFO Setting -D jdk.tls.rejectClientInitiatedRenegotiation=true to disable client-initiated TLS renegotiation (org.apache.zookeeper.common.X509Util)
[2022-09-19 00:04:58,966] INFO Registered signal handlers for TERM, INT, HUP (org.apache.kafka.common.utils.LoggingSignalHandler)
[2022-09-19 00:04:58,976] INFO starting (kafka.server.KafkaServer)
[2022-09-19 00:04:58,977] INFO Connecting to zookeeper on localhost:2181 (kafka.server.KafkaServer)
[2022-09-19 00:04:58,986] INFO [ZooKeeperClient Kafka server] Initializing a new session to localhost:2181. (kafka.zookeeper.ZooKeeperClient)
[2022-09-19 00:04:58,990] INFO Client environment:zookeeper.version=3.6.3--6401e4ad2087061bc6b9f80dec2d69f2e3c8660a, built on 04/08/2021 16:35 GMT (org.apache.zookeeper.ZooKeeper)
[2022-09-19 00:04:58,990] INFO Client environment:host.name=udays-mbp (org.apache.zookeeper.ZooKeeper)
[2022-09-19 00:04:58,990] INFO Client environment:java.version=1.8.0_321 (org.apache.zookeeper.ZooKeeper)
[2022-09-19 00:04:58,991] INFO Client environment:java.vendor=Oracle Corporation (org.apache.zookeeper.ZooKeeper)
[2022-09-19 00:04:58,991] INFO Client environment:java.home=/Library/Internet Plug-Ins/JavaAppletPlugin.plugin/Contents/Home (org.apache.zookeeper.ZooKeeper)
[2022-09-19 00:04:58,991] INFO Client environment:java.class.path=/Users/udaypatil/kafka_2.13-3.2.1/bin/../libs/activation-1.1.1.jar:/Users/udaypatil/kafka_2.13-3.2.1/bin/../libs/aopalliance-repackaged-2.6.1.jar:/Users/udaypatil/kafka_2.13-3.2.1/bin/../libs/argparse4j-0.7.0.jar:/Users/udaypatil/kafka_2.13-3.2.1/bin/../libs/audience-annotations-0.5.0.jar:/Users/udaypatil/kafka_2.13-3.2.1/bin/../libs/commons-cli-1.4.jar:/Users/udaypatil/kafka_2.13-3.2.1/bin/../libs/commons-lang3-3.8.1.jar:/Users/udaypatil/kafka_2.13-3.2.1/bin/../libs/connect-api-3.2.1.jar:/Users/udaypatil/kafka_2.13-3.2.1/bin/../libs/connect-basic-auth-extension-3.2.1.jar:/Users/udaypatil/kafka_2.13-3.2.1/bin/../libs/connect-json-3.2.1.jar:/Users/udaypatil/kafka_2.13-3.2.1/bin/../libs/connect-mirror-3.2.1.jar:/Users/udaypatil/kafka_2.13-3.2.1/bin/../libs/connect-mirror-client-3.2.1.jar:/Users/udaypatil/kafka_2.13-3.2.1/bin/../libs/connect-runtime-3.2.1.jar:/Users/udaypatil/kafka_2.13-3.2.1/bin/../libs/connect-transforms-3.2.1.jar:/Users/udaypatil/kafka_2.13-3.2.1/bin/../libs/hk2-api-2.6.1.jar:/Users/udaypatil/kafka_2.13-3.2.1/bin/../libs/hk2-locator-2.6.1.jar:/Users/udaypatil/kafka_2.13-3.2.1/bin/../libs/hk2-utils-2.6.1.jar:/Users/udaypatil/kafka_2.13-3.2.1/bin/../libs/jackson-annotations-2.12.6.jar:/Users/udaypatil/kafka_2.13-3.2.1/bin/../libs/jackson-core-2.12.6.jar:/Users/udaypatil/kafka_2.13-3.2.1/bin/../libs/jackson-databind-2.12.6.1.jar:/Users/udaypatil/kafka_2.13-3.2.1/bin/../libs/jackson-dataformat-csv-2.12.6.jar:/Users/udaypatil/kafka_2.13-3.2.1/bin/../libs/jackson-datatype-jdk8-2.12.6.jar:/Users/udaypatil/kafka_2.13-3.2.1/bin/../libs/jackson-jaxrs-base-2.12.6.jar:/Users/udaypatil/kafka_2.13-3.2.1/bin/../libs/jackson-jaxrs-json-provider-2.12.6.jar:/Users/udaypatil/kafka_2.13-3.2.1/bin/../libs/jackson-module-jaxb-annotations-2.12.6.jar:/Users/udaypatil/kafka_2.13-3.2.1/bin/../libs/jackson-module-scala_2.13-2.12.6.jar:/Users/udaypatil/kafka_2.13-3.2.1/bin/../libs/jakarta.activation-api-1.2.1.jar:/Users/udaypatil/kafka_2.13-3.2.1/bin/../libs/jakarta.annotation-api-1.3.5.jar:/Users/udaypatil/kafka_2.13-3.2.1/bin/../libs/jakarta.inject-2.6.1.jar:/Users/udaypatil/kafka_2.13-3.2.1/bin/../libs/jakarta.validation-api-2.0.2.jar:/Users/udaypatil/kafka_2.13-3.2.1/bin/../libs/jakarta.ws.rs-api-2.1.6.jar:/Users/udaypatil/kafka_2.13-3.2.1/bin/../libs/jakarta.xml.bind-api-2.3.2.jar:/Users/udaypatil/kafka_2.13-3.2.1/bin/../libs/javassist-3.27.0-GA.jar:/Users/udaypatil/kafka_2.13-3.2.1/bin/../libs/javax.servlet-api-3.1.0.jar:/Users/udaypatil/kafka_2.13-3.2.1/bin/../libs/javax.ws.rs-api-2.1.1.jar:/Users/udaypatil/kafka_2.13-3.2.1/bin/../libs/jaxb-api-2.3.0.jar:/Users/udaypatil/kafka_2.13-3.2.1/bin/../libs/jersey-client-2.34.jar:/Users/udaypatil/kafka_2.13-3.2.1/bin/../libs/jersey-common-2.34.jar:/Users/udaypatil/kafka_2.13-3.2.1/bin/../libs/jersey-container-servlet-2.34.jar:/Users/udaypatil/kafka_2.13-3.2.1/bin/../libs/jersey-container-servlet-core-2.34.jar:/Users/udaypatil/kafka_2.13-3.2.1/bin/../libs/jersey-hk2-2.34.jar:/Users/udaypatil/kafka_2.13-3.2.1/bin/../libs/jersey-server-2.34.jar:/Users/udaypatil/kafka_2.13-3.2.1/bin/../libs/jetty-client-9.4.44.v20210927.jar:/Users/udaypatil/kafka_2.13-3.2.1/bin/../libs/jetty-continuation-9.4.44.v20210927.jar:/Users/udaypatil/kafka_2.13-3.2.1/bin/../libs/jetty-http-9.4.44.v20210927.jar:/Users/udaypatil/kafka_2.13-3.2.1/bin/../libs/jetty-io-9.4.44.v20210927.jar:/Users/udaypatil/kafka_2.13-3.2.1/bin/../libs/jetty-security-9.4.44.v20210927.jar:/Users/udaypatil/kafka_2.13-3.2.1/bin/../libs/jetty-server-9.4.44.v20210927.jar:/Users/udaypatil/kafka_2.13-3.2.1/bin/../libs/jetty-servlet-9.4.44.v20210927.jar:/Users/udaypatil/kafka_2.13-3.2.1/bin/../libs/jetty-servlets-9.4.44.v20210927.jar:/Users/udaypatil/kafka_2.13-3.2.1/bin/../libs/jetty-util-9.4.44.v20210927.jar:/Users/udaypatil/kafka_2.13-3.2.1/bin/../libs/jetty-util-ajax-9.4.44.v20210927.jar:/Users/udaypatil/kafka_2.13-3.2.1/bin/../libs/jline-3.21.0.jar:/Users/udaypatil/kafka_2.13-3.2.1/bin/../libs/jopt-simple-5.0.4.jar:/Users/udaypatil/kafka_2.13-3.2.1/bin/../libs/jose4j-0.7.9.jar:/Users/udaypatil/kafka_2.13-3.2.1/bin/../libs/kafka-clients-3.2.1.jar:/Users/udaypatil/kafka_2.13-3.2.1/bin/../libs/kafka-log4j-appender-3.2.1.jar:/Users/udaypatil/kafka_2.13-3.2.1/bin/../libs/kafka-metadata-3.2.1.jar:/Users/udaypatil/kafka_2.13-3.2.1/bin/../libs/kafka-raft-3.2.1.jar:/Users/udaypatil/kafka_2.13-3.2.1/bin/../libs/kafka-server-common-3.2.1.jar:/Users/udaypatil/kafka_2.13-3.2.1/bin/../libs/kafka-shell-3.2.1.jar:/Users/udaypatil/kafka_2.13-3.2.1/bin/../libs/kafka-storage-3.2.1.jar:/Users/udaypatil/kafka_2.13-3.2.1/bin/../libs/kafka-storage-api-3.2.1.jar:/Users/udaypatil/kafka_2.13-3.2.1/bin/../libs/kafka-streams-3.2.1.jar:/Users/udaypatil/kafka_2.13-3.2.1/bin/../libs/kafka-streams-examples-3.2.1.jar:/Users/udaypatil/kafka_2.13-3.2.1/bin/../libs/kafka-streams-scala_2.13-3.2.1.jar:/Users/udaypatil/kafka_2.13-3.2.1/bin/../libs/kafka-streams-test-utils-3.2.1.jar:/Users/udaypatil/kafka_2.13-3.2.1/bin/../libs/kafka-tools-3.2.1.jar:/Users/udaypatil/kafka_2.13-3.2.1/bin/../libs/kafka_2.13-3.2.1.jar:/Users/udaypatil/kafka_2.13-3.2.1/bin/../libs/lz4-java-1.8.0.jar:/Users/udaypatil/kafka_2.13-3.2.1/bin/../libs/maven-artifact-3.8.4.jar:/Users/udaypatil/kafka_2.13-3.2.1/bin/../libs/metrics-core-2.2.0.jar:/Users/udaypatil/kafka_2.13-3.2.1/bin/../libs/metrics-core-4.1.12.1.jar:/Users/udaypatil/kafka_2.13-3.2.1/bin/../libs/netty-buffer-4.1.73.Final.jar:/Users/udaypatil/kafka_2.13-3.2.1/bin/../libs/netty-codec-4.1.73.Final.jar:/Users/udaypatil/kafka_2.13-3.2.1/bin/../libs/netty-common-4.1.73.Final.jar:/Users/udaypatil/kafka_2.13-3.2.1/bin/../libs/netty-handler-4.1.73.Final.jar:/Users/udaypatil/kafka_2.13-3.2.1/bin/../libs/netty-resolver-4.1.73.Final.jar:/Users/udaypatil/kafka_2.13-3.2.1/bin/../libs/netty-tcnative-classes-2.0.46.Final.jar:/Users/udaypatil/kafka_2.13-3.2.1/bin/../libs/netty-transport-4.1.73.Final.jar:/Users/udaypatil/kafka_2.13-3.2.1/bin/../libs/netty-transport-classes-epoll-4.1.73.Final.jar:/Users/udaypatil/kafka_2.13-3.2.1/bin/../libs/netty-transport-native-epoll-4.1.73.Final.jar:/Users/udaypatil/kafka_2.13-3.2.1/bin/../libs/netty-transport-native-unix-common-4.1.73.Final.jar:/Users/udaypatil/kafka_2.13-3.2.1/bin/../libs/osgi-resource-locator-1.0.3.jar:/Users/udaypatil/kafka_2.13-3.2.1/bin/../libs/paranamer-2.8.jar:/Users/udaypatil/kafka_2.13-3.2.1/bin/../libs/plexus-utils-3.3.0.jar:/Users/udaypatil/kafka_2.13-3.2.1/bin/../libs/reflections-0.9.12.jar:/Users/udaypatil/kafka_2.13-3.2.1/bin/../libs/reload4j-1.2.19.jar:/Users/udaypatil/kafka_2.13-3.2.1/bin/../libs/rocksdbjni-6.29.4.1.jar:/Users/udaypatil/kafka_2.13-3.2.1/bin/../libs/scala-collection-compat_2.13-2.6.0.jar:/Users/udaypatil/kafka_2.13-3.2.1/bin/../libs/scala-java8-compat_2.13-1.0.2.jar:/Users/udaypatil/kafka_2.13-3.2.1/bin/../libs/scala-library-2.13.8.jar:/Users/udaypatil/kafka_2.13-3.2.1/bin/../libs/scala-logging_2.13-3.9.4.jar:/Users/udaypatil/kafka_2.13-3.2.1/bin/../libs/scala-reflect-2.13.8.jar:/Users/udaypatil/kafka_2.13-3.2.1/bin/../libs/slf4j-api-1.7.36.jar:/Users/udaypatil/kafka_2.13-3.2.1/bin/../libs/slf4j-reload4j-1.7.36.jar:/Users/udaypatil/kafka_2.13-3.2.1/bin/../libs/snappy-java-1.1.8.4.jar:/Users/udaypatil/kafka_2.13-3.2.1/bin/../libs/trogdor-3.2.1.jar:/Users/udaypatil/kafka_2.13-3.2.1/bin/../libs/zookeeper-3.6.3.jar:/Users/udaypatil/kafka_2.13-3.2.1/bin/../libs/zookeeper-jute-3.6.3.jar:/Users/udaypatil/kafka_2.13-3.2.1/bin/../libs/zstd-jni-1.5.2-1.jar (org.apache.zookeeper.ZooKeeper)
[2022-09-19 00:04:58,991] INFO Client environment:java.library.path=/Users/udaypatil/Library/Java/Extensions:/Library/Java/Extensions:/Network/Library/Java/Extensions:/System/Library/Java/Extensions:/usr/lib/java:. (org.apache.zookeeper.ZooKeeper)
[2022-09-19 00:04:58,991] INFO Client environment:java.io.tmpdir=/var/folders/1s/8xj9g58n5150csnrw22r1chm0000gn/T/ (org.apache.zookeeper.ZooKeeper)
[2022-09-19 00:04:58,991] INFO Client environment:java.compiler=<NA> (org.apache.zookeeper.ZooKeeper)
[2022-09-19 00:04:58,991] INFO Client environment:os.name=Mac OS X (org.apache.zookeeper.ZooKeeper)
[2022-09-19 00:04:58,991] INFO Client environment:os.arch=x86_64 (org.apache.zookeeper.ZooKeeper)
[2022-09-19 00:04:58,991] INFO Client environment:os.version=12.6 (org.apache.zookeeper.ZooKeeper)
[2022-09-19 00:04:58,991] INFO Client environment:user.name=udaypatil (org.apache.zookeeper.ZooKeeper)
[2022-09-19 00:04:58,991] INFO Client environment:user.home=/Users/udaypatil (org.apache.zookeeper.ZooKeeper)
[2022-09-19 00:04:58,991] INFO Client environment:user.dir=/Users/udaypatil/IdeaProjects/kafka-basics (org.apache.zookeeper.ZooKeeper)
[2022-09-19 00:04:58,991] INFO Client environment:os.memory.free=1011MB (org.apache.zookeeper.ZooKeeper)
[2022-09-19 00:04:58,991] INFO Client environment:os.memory.max=1024MB (org.apache.zookeeper.ZooKeeper)
[2022-09-19 00:04:58,991] INFO Client environment:os.memory.total=1024MB (org.apache.zookeeper.ZooKeeper)
[2022-09-19 00:04:58,993] INFO Initiating client connection, connectString=localhost:2181 sessionTimeout=18000 watcher=kafka.zookeeper.ZooKeeperClient$ZooKeeperClientWatcher$@4218d6a3 (org.apache.zookeeper.ZooKeeper)
[2022-09-19 00:04:58,997] INFO jute.maxbuffer value is 4194304 Bytes (org.apache.zookeeper.ClientCnxnSocket)
[2022-09-19 00:04:59,001] INFO zookeeper.request.timeout value is 0. feature enabled=false (org.apache.zookeeper.ClientCnxn)
[2022-09-19 00:04:59,002] INFO [ZooKeeperClient Kafka server] Waiting until connected. (kafka.zookeeper.ZooKeeperClient)
[2022-09-19 00:04:59,003] INFO Opening socket connection to server localhost/127.0.0.1:2181. (org.apache.zookeeper.ClientCnxn)
[2022-09-19 00:04:59,009] INFO Socket connection established, initiating session, client: /127.0.0.1:57037, server: localhost/127.0.0.1:2181 (org.apache.zookeeper.ClientCnxn)
[2022-09-19 00:04:59,019] INFO Session establishment complete on server localhost/127.0.0.1:2181, session id = 0x10001a2724c0000, negotiated timeout = 18000 (org.apache.zookeeper.ClientCnxn)
[2022-09-19 00:04:59,021] INFO [ZooKeeperClient Kafka server] Connected. (kafka.zookeeper.ZooKeeperClient)
[2022-09-19 00:04:59,075] INFO [feature-zk-node-event-process-thread]: Starting (kafka.server.FinalizedFeatureChangeListener$ChangeNotificationProcessorThread)
[2022-09-19 00:04:59,201] INFO Updated cache from existing <empty> to latest FinalizedFeaturesAndEpoch(features=Features{}, epoch=0). (kafka.server.FinalizedFeatureCache)
[2022-09-19 00:04:59,204] INFO Cluster ID = _jgqDwmXTP6RlKXYrAggVA (kafka.server.KafkaServer)
[2022-09-19 00:04:59,240] INFO KafkaConfig values: 
	advertised.listeners = null
	alter.config.policy.class.name = null
	alter.log.dirs.replication.quota.window.num = 11
	alter.log.dirs.replication.quota.window.size.seconds = 1
	authorizer.class.name = 
	auto.create.topics.enable = true
	auto.leader.rebalance.enable = true
	background.threads = 10
	broker.heartbeat.interval.ms = 2000
	broker.id = 0
	broker.id.generation.enable = true
	broker.rack = null
	broker.session.timeout.ms = 9000
	client.quota.callback.class = null
	compression.type = producer
	connection.failed.authentication.delay.ms = 100
	connections.max.idle.ms = 600000
	connections.max.reauth.ms = 0
	control.plane.listener.name = null
	controlled.shutdown.enable = true
	controlled.shutdown.max.retries = 3
	controlled.shutdown.retry.backoff.ms = 5000
	controller.listener.names = null
	controller.quorum.append.linger.ms = 25
	controller.quorum.election.backoff.max.ms = 1000
	controller.quorum.election.timeout.ms = 1000
	controller.quorum.fetch.timeout.ms = 2000
	controller.quorum.request.timeout.ms = 2000
	controller.quorum.retry.backoff.ms = 20
	controller.quorum.voters = []
	controller.quota.window.num = 11
	controller.quota.window.size.seconds = 1
	controller.socket.timeout.ms = 30000
	create.topic.policy.class.name = null
	default.replication.factor = 1
	delegation.token.expiry.check.interval.ms = 3600000
	delegation.token.expiry.time.ms = 86400000
	delegation.token.master.key = null
	delegation.token.max.lifetime.ms = 604800000
	delegation.token.secret.key = null
	delete.records.purgatory.purge.interval.requests = 1
	delete.topic.enable = true
	fetch.max.bytes = 57671680
	fetch.purgatory.purge.interval.requests = 1000
	group.initial.rebalance.delay.ms = 0
	group.max.session.timeout.ms = 1800000
	group.max.size = 2147483647
	group.min.session.timeout.ms = 6000
	initial.broker.registration.timeout.ms = 60000
	inter.broker.listener.name = null
	inter.broker.protocol.version = 3.2-IV0
	kafka.metrics.polling.interval.secs = 10
	kafka.metrics.reporters = []
	leader.imbalance.check.interval.seconds = 300
	leader.imbalance.per.broker.percentage = 10
	listener.security.protocol.map = PLAINTEXT:PLAINTEXT,SSL:SSL,SASL_PLAINTEXT:SASL_PLAINTEXT,SASL_SSL:SASL_SSL
	listeners = PLAINTEXT://:9092
	log.cleaner.backoff.ms = 15000
	log.cleaner.dedupe.buffer.size = 134217728
	log.cleaner.delete.retention.ms = 86400000
	log.cleaner.enable = true
	log.cleaner.io.buffer.load.factor = 0.9
	log.cleaner.io.buffer.size = 524288
	log.cleaner.io.max.bytes.per.second = 1.7976931348623157E308
	log.cleaner.max.compaction.lag.ms = 9223372036854775807
	log.cleaner.min.cleanable.ratio = 0.5
	log.cleaner.min.compaction.lag.ms = 0
	log.cleaner.threads = 1
	log.cleanup.policy = [delete]
	log.dir = /tmp/kafka-logs
	log.dirs = /tmp/kafka-logs
	log.flush.interval.messages = 9223372036854775807
	log.flush.interval.ms = null
	log.flush.offset.checkpoint.interval.ms = 60000
	log.flush.scheduler.interval.ms = 9223372036854775807
	log.flush.start.offset.checkpoint.interval.ms = 60000
	log.index.interval.bytes = 4096
	log.index.size.max.bytes = 10485760
	log.message.downconversion.enable = true
	log.message.format.version = 3.0-IV1
	log.message.timestamp.difference.max.ms = 9223372036854775807
	log.message.timestamp.type = CreateTime
	log.preallocate = false
	log.retention.bytes = -1
	log.retention.check.interval.ms = 300000
	log.retention.hours = 168
	log.retention.minutes = null
	log.retention.ms = null
	log.roll.hours = 168
	log.roll.jitter.hours = 0
	log.roll.jitter.ms = null
	log.roll.ms = null
	log.segment.bytes = 1073741824
	log.segment.delete.delay.ms = 60000
	max.connection.creation.rate = 2147483647
	max.connections = 2147483647
	max.connections.per.ip = 2147483647
	max.connections.per.ip.overrides = 
	max.incremental.fetch.session.cache.slots = 1000
	message.max.bytes = 1048588
	metadata.log.dir = null
	metadata.log.max.record.bytes.between.snapshots = 20971520
	metadata.log.segment.bytes = 1073741824
	metadata.log.segment.min.bytes = 8388608
	metadata.log.segment.ms = 604800000
	metadata.max.retention.bytes = -1
	metadata.max.retention.ms = 604800000
	metric.reporters = []
	metrics.num.samples = 2
	metrics.recording.level = INFO
	metrics.sample.window.ms = 30000
	min.insync.replicas = 1
	node.id = 0
	num.io.threads = 8
	num.network.threads = 3
	num.partitions = 1
	num.recovery.threads.per.data.dir = 1
	num.replica.alter.log.dirs.threads = null
	num.replica.fetchers = 1
	offset.metadata.max.bytes = 4096
	offsets.commit.required.acks = -1
	offsets.commit.timeout.ms = 5000
	offsets.load.buffer.size = 5242880
	offsets.retention.check.interval.ms = 600000
	offsets.retention.minutes = 10080
	offsets.topic.compression.codec = 0
	offsets.topic.num.partitions = 50
	offsets.topic.replication.factor = 1
	offsets.topic.segment.bytes = 104857600
	password.encoder.cipher.algorithm = AES/CBC/PKCS5Padding
	password.encoder.iterations = 4096
	password.encoder.key.length = 128
	password.encoder.keyfactory.algorithm = null
	password.encoder.old.secret = null
	password.encoder.secret = null
	principal.builder.class = class org.apache.kafka.common.security.authenticator.DefaultKafkaPrincipalBuilder
	process.roles = []
	producer.purgatory.purge.interval.requests = 1000
	queued.max.request.bytes = -1
	queued.max.requests = 500
	quota.window.num = 11
	quota.window.size.seconds = 1
	remote.log.index.file.cache.total.size.bytes = 1073741824
	remote.log.manager.task.interval.ms = 30000
	remote.log.manager.task.retry.backoff.max.ms = 30000
	remote.log.manager.task.retry.backoff.ms = 500
	remote.log.manager.task.retry.jitter = 0.2
	remote.log.manager.thread.pool.size = 10
	remote.log.metadata.manager.class.name = null
	remote.log.metadata.manager.class.path = null
	remote.log.metadata.manager.impl.prefix = null
	remote.log.metadata.manager.listener.name = null
	remote.log.reader.max.pending.tasks = 100
	remote.log.reader.threads = 10
	remote.log.storage.manager.class.name = null
	remote.log.storage.manager.class.path = null
	remote.log.storage.manager.impl.prefix = null
	remote.log.storage.system.enable = false
	replica.fetch.backoff.ms = 1000
	replica.fetch.max.bytes = 1048576
	replica.fetch.min.bytes = 1
	replica.fetch.response.max.bytes = 10485760
	replica.fetch.wait.max.ms = 500
	replica.high.watermark.checkpoint.interval.ms = 5000
	replica.lag.time.max.ms = 30000
	replica.selector.class = null
	replica.socket.receive.buffer.bytes = 65536
	replica.socket.timeout.ms = 30000
	replication.quota.window.num = 11
	replication.quota.window.size.seconds = 1
	request.timeout.ms = 30000
	reserved.broker.max.id = 1000
	sasl.client.callback.handler.class = null
	sasl.enabled.mechanisms = [GSSAPI]
	sasl.jaas.config = null
	sasl.kerberos.kinit.cmd = /usr/bin/kinit
	sasl.kerberos.min.time.before.relogin = 60000
	sasl.kerberos.principal.to.local.rules = [DEFAULT]
	sasl.kerberos.service.name = null
	sasl.kerberos.ticket.renew.jitter = 0.05
	sasl.kerberos.ticket.renew.window.factor = 0.8
	sasl.login.callback.handler.class = null
	sasl.login.class = null
	sasl.login.connect.timeout.ms = null
	sasl.login.read.timeout.ms = null
	sasl.login.refresh.buffer.seconds = 300
	sasl.login.refresh.min.period.seconds = 60
	sasl.login.refresh.window.factor = 0.8
	sasl.login.refresh.window.jitter = 0.05
	sasl.login.retry.backoff.max.ms = 10000
	sasl.login.retry.backoff.ms = 100
	sasl.mechanism.controller.protocol = GSSAPI
	sasl.mechanism.inter.broker.protocol = GSSAPI
	sasl.oauthbearer.clock.skew.seconds = 30
	sasl.oauthbearer.expected.audience = null
	sasl.oauthbearer.expected.issuer = null
	sasl.oauthbearer.jwks.endpoint.refresh.ms = 3600000
	sasl.oauthbearer.jwks.endpoint.retry.backoff.max.ms = 10000
	sasl.oauthbearer.jwks.endpoint.retry.backoff.ms = 100
	sasl.oauthbearer.jwks.endpoint.url = null
	sasl.oauthbearer.scope.claim.name = scope
	sasl.oauthbearer.sub.claim.name = sub
	sasl.oauthbearer.token.endpoint.url = null
	sasl.server.callback.handler.class = null
	security.inter.broker.protocol = PLAINTEXT
	security.providers = null
	socket.connection.setup.timeout.max.ms = 30000
	socket.connection.setup.timeout.ms = 10000
	socket.listen.backlog.size = 50
	socket.receive.buffer.bytes = 102400
	socket.request.max.bytes = 104857600
	socket.send.buffer.bytes = 102400
	ssl.cipher.suites = []
	ssl.client.auth = none
	ssl.enabled.protocols = [TLSv1.2]
	ssl.endpoint.identification.algorithm = https
	ssl.engine.factory.class = null
	ssl.key.password = null
	ssl.keymanager.algorithm = SunX509
	ssl.keystore.certificate.chain = null
	ssl.keystore.key = null
	ssl.keystore.location = null
	ssl.keystore.password = null
	ssl.keystore.type = JKS
	ssl.principal.mapping.rules = DEFAULT
	ssl.protocol = TLSv1.2
	ssl.provider = null
	ssl.secure.random.implementation = null
	ssl.trustmanager.algorithm = PKIX
	ssl.truststore.certificates = null
	ssl.truststore.location = null
	ssl.truststore.password = null
	ssl.truststore.type = JKS
	transaction.abort.timed.out.transaction.cleanup.interval.ms = 10000
	transaction.max.timeout.ms = 900000
	transaction.remove.expired.transaction.cleanup.interval.ms = 3600000
	transaction.state.log.load.buffer.size = 5242880
	transaction.state.log.min.isr = 1
	transaction.state.log.num.partitions = 50
	transaction.state.log.replication.factor = 1
	transaction.state.log.segment.bytes = 104857600
	transactional.id.expiration.ms = 604800000
	unclean.leader.election.enable = false
	zookeeper.clientCnxnSocket = null
	zookeeper.connect = localhost:2181
	zookeeper.connection.timeout.ms = 18000
	zookeeper.max.in.flight.requests = 10
	zookeeper.session.timeout.ms = 18000
	zookeeper.set.acl = false
	zookeeper.ssl.cipher.suites = null
	zookeeper.ssl.client.enable = false
	zookeeper.ssl.crl.enable = false
	zookeeper.ssl.enabled.protocols = null
	zookeeper.ssl.endpoint.identification.algorithm = HTTPS
	zookeeper.ssl.keystore.location = null
	zookeeper.ssl.keystore.password = null
	zookeeper.ssl.keystore.type = null
	zookeeper.ssl.ocsp.enable = false
	zookeeper.ssl.protocol = TLSv1.2
	zookeeper.ssl.truststore.location = null
	zookeeper.ssl.truststore.password = null
	zookeeper.ssl.truststore.type = null
 (kafka.server.KafkaConfig)
[2022-09-19 00:04:59,265] INFO [ThrottledChannelReaper-Fetch]: Starting (kafka.server.ClientQuotaManager$ThrottledChannelReaper)
[2022-09-19 00:04:59,266] INFO [ThrottledChannelReaper-Produce]: Starting (kafka.server.ClientQuotaManager$ThrottledChannelReaper)
[2022-09-19 00:04:59,266] INFO [ThrottledChannelReaper-Request]: Starting (kafka.server.ClientQuotaManager$ThrottledChannelReaper)
[2022-09-19 00:04:59,267] INFO [ThrottledChannelReaper-ControllerMutation]: Starting (kafka.server.ClientQuotaManager$ThrottledChannelReaper)
[2022-09-19 00:04:59,294] INFO Loading logs from log dirs ArraySeq(/tmp/kafka-logs) (kafka.log.LogManager)
[2022-09-19 00:04:59,295] INFO Skipping recovery for all logs in /tmp/kafka-logs since clean shutdown file was found (kafka.log.LogManager)
[2022-09-19 00:04:59,354] INFO [LogLoader partition=topic-name-0, dir=/tmp/kafka-logs] Loading producer state till offset 12 with message format version 2 (kafka.log.UnifiedLog$)
[2022-09-19 00:04:59,354] INFO [LogLoader partition=topic-name-0, dir=/tmp/kafka-logs] Reloading from producer snapshot and rebuilding producer state from offset 12 (kafka.log.UnifiedLog$)
[2022-09-19 00:04:59,355] INFO [ProducerStateManager partition=topic-name-0] Loading producer state from snapshot file 'SnapshotFile(/tmp/kafka-logs/topic-name-0/00000000000000000012.snapshot,12)' (kafka.log.ProducerStateManager)
[2022-09-19 00:04:59,364] INFO [LogLoader partition=topic-name-0, dir=/tmp/kafka-logs] Producer state recovery took 10ms for snapshot load and 0ms for segment recovery from offset 12 (kafka.log.UnifiedLog$)
[2022-09-19 00:04:59,380] INFO Completed load of Log(dir=/tmp/kafka-logs/topic-name-0, topicId=fQyOAIMtSby4H3D6zmPZIA, topic=topic-name, partition=0, highWatermark=0, lastStableOffset=0, logStartOffset=0, logEndOffset=12) with 1 segments in 75ms (1/1 loaded in /tmp/kafka-logs) (kafka.log.LogManager)
[2022-09-19 00:04:59,381] INFO Loaded 1 logs in 87ms. (kafka.log.LogManager)
[2022-09-19 00:04:59,381] INFO Starting log cleanup with a period of 300000 ms. (kafka.log.LogManager)
[2022-09-19 00:04:59,382] INFO Starting log flusher with a default period of 9223372036854775807 ms. (kafka.log.LogManager)
[2022-09-19 00:04:59,629] INFO [BrokerToControllerChannelManager broker=0 name=forwarding]: Starting (kafka.server.BrokerToControllerRequestThread)
[2022-09-19 00:04:59,741] INFO Updated connection-accept-rate max connection creation rate to 2147483647 (kafka.network.ConnectionQuotas)
[2022-09-19 00:04:59,744] INFO Awaiting socket connections on 0.0.0.0:9092. (kafka.network.DataPlaneAcceptor)
[2022-09-19 00:04:59,764] INFO [SocketServer listenerType=ZK_BROKER, nodeId=0] Created data-plane acceptor and processors for endpoint : ListenerName(PLAINTEXT) (kafka.network.SocketServer)
[2022-09-19 00:04:59,769] INFO [BrokerToControllerChannelManager broker=0 name=alterPartition]: Starting (kafka.server.BrokerToControllerRequestThread)
[2022-09-19 00:04:59,784] INFO [ExpirationReaper-0-Produce]: Starting (kafka.server.DelayedOperationPurgatory$ExpiredOperationReaper)
[2022-09-19 00:04:59,784] INFO [ExpirationReaper-0-Fetch]: Starting (kafka.server.DelayedOperationPurgatory$ExpiredOperationReaper)
[2022-09-19 00:04:59,785] INFO [ExpirationReaper-0-DeleteRecords]: Starting (kafka.server.DelayedOperationPurgatory$ExpiredOperationReaper)
[2022-09-19 00:04:59,786] INFO [ExpirationReaper-0-ElectLeader]: Starting (kafka.server.DelayedOperationPurgatory$ExpiredOperationReaper)
[2022-09-19 00:04:59,795] INFO [LogDirFailureHandler]: Starting (kafka.server.ReplicaManager$LogDirFailureHandler)
[2022-09-19 00:04:59,835] INFO Creating /brokers/ids/0 (is it secure? false) (kafka.zk.KafkaZkClient)
[2022-09-19 00:04:59,849] INFO Stat of the created znode at /brokers/ids/0 is: 736,736,1663542299843,1663542299843,1,0,0,72059391251841024,202,0,736
 (kafka.zk.KafkaZkClient)
[2022-09-19 00:04:59,850] INFO Registered broker 0 at path /brokers/ids/0 with addresses: PLAINTEXT://udays-mbp:9092, czxid (broker epoch): 736 (kafka.zk.KafkaZkClient)
[2022-09-19 00:04:59,904] INFO [ExpirationReaper-0-topic]: Starting (kafka.server.DelayedOperationPurgatory$ExpiredOperationReaper)
[2022-09-19 00:04:59,908] INFO [ExpirationReaper-0-Heartbeat]: Starting (kafka.server.DelayedOperationPurgatory$ExpiredOperationReaper)
[2022-09-19 00:04:59,909] INFO [ExpirationReaper-0-Rebalance]: Starting (kafka.server.DelayedOperationPurgatory$ExpiredOperationReaper)
[2022-09-19 00:04:59,922] INFO [GroupCoordinator 0]: Starting up. (kafka.coordinator.group.GroupCoordinator)
[2022-09-19 00:04:59,925] INFO [GroupCoordinator 0]: Startup complete. (kafka.coordinator.group.GroupCoordinator)
[2022-09-19 00:04:59,940] INFO [TransactionCoordinator id=0] Starting up. (kafka.coordinator.transaction.TransactionCoordinator)
[2022-09-19 00:04:59,942] INFO [Transaction Marker Channel Manager 0]: Starting (kafka.coordinator.transaction.TransactionMarkerChannelManager)
[2022-09-19 00:04:59,942] INFO [TransactionCoordinator id=0] Startup complete. (kafka.coordinator.transaction.TransactionCoordinator)
[2022-09-19 00:04:59,973] INFO [ExpirationReaper-0-AlterAcls]: Starting (kafka.server.DelayedOperationPurgatory$ExpiredOperationReaper)
[2022-09-19 00:04:59,992] INFO [/config/changes-event-process-thread]: Starting (kafka.common.ZkNodeChangeNotificationListener$ChangeEventProcessThread)
[2022-09-19 00:05:00,012] INFO [SocketServer listenerType=ZK_BROKER, nodeId=0] Starting socket server acceptors and processors (kafka.network.SocketServer)
[2022-09-19 00:05:00,016] INFO [SocketServer listenerType=ZK_BROKER, nodeId=0] Started data-plane acceptor and processor(s) for endpoint : ListenerName(PLAINTEXT) (kafka.network.SocketServer)
[2022-09-19 00:05:00,017] INFO [SocketServer listenerType=ZK_BROKER, nodeId=0] Started socket server acceptors and processors (kafka.network.SocketServer)
[2022-09-19 00:05:00,020] INFO Kafka version: 3.2.1 (org.apache.kafka.common.utils.AppInfoParser)
[2022-09-19 00:05:00,021] INFO Kafka commitId: b172a0a94f4ebb9f (org.apache.kafka.common.utils.AppInfoParser)
[2022-09-19 00:05:00,021] INFO Kafka startTimeMs: 1663542300017 (org.apache.kafka.common.utils.AppInfoParser)
[2022-09-19 00:05:00,022] INFO [KafkaServer id=0] started (kafka.server.KafkaServer)
[2022-09-19 00:05:00,074] INFO [BrokerToControllerChannelManager broker=0 name=alterPartition]: Recorded new controller, from now on will use broker udays-mbp:9092 (id: 0 rack: null) (kafka.server.BrokerToControllerRequestThread)
[2022-09-19 00:05:00,076] INFO [ReplicaFetcherManager on broker 0] Removed fetcher for partitions Set(topic-name-0) (kafka.server.ReplicaFetcherManager)
[2022-09-19 00:05:00,085] INFO [Partition topic-name-0 broker=0] Log loaded for partition topic-name-0 with initial high watermark 12 (kafka.cluster.Partition)
[2022-09-19 00:05:00,138] INFO [BrokerToControllerChannelManager broker=0 name=forwarding]: Recorded new controller, from now on will use broker udays-mbp:9092 (id: 0 rack: null) (kafka.server.BrokerToControllerRequestThread)
[2022-09-19 00:05:06,103] INFO Terminating process due to signal SIGTERM (org.apache.kafka.common.utils.LoggingSignalHandler)
[2022-09-19 00:05:06,104] INFO [KafkaServer id=0] shutting down (kafka.server.KafkaServer)
[2022-09-19 00:05:06,104] INFO [KafkaServer id=0] Starting controlled shutdown (kafka.server.KafkaServer)
[2022-09-19 00:05:06,114] INFO [KafkaServer id=0] Controlled shutdown request returned successfully after 6ms (kafka.server.KafkaServer)
[2022-09-19 00:05:06,117] INFO [/config/changes-event-process-thread]: Shutting down (kafka.common.ZkNodeChangeNotificationListener$ChangeEventProcessThread)
[2022-09-19 00:05:06,117] INFO [/config/changes-event-process-thread]: Stopped (kafka.common.ZkNodeChangeNotificationListener$ChangeEventProcessThread)
[2022-09-19 00:05:06,117] INFO [/config/changes-event-process-thread]: Shutdown completed (kafka.common.ZkNodeChangeNotificationListener$ChangeEventProcessThread)
[2022-09-19 00:05:06,118] INFO [SocketServer listenerType=ZK_BROKER, nodeId=0] Stopping socket server request processors (kafka.network.SocketServer)
[2022-09-19 00:05:06,122] INFO [SocketServer listenerType=ZK_BROKER, nodeId=0] Stopped socket server request processors (kafka.network.SocketServer)
[2022-09-19 00:05:06,122] INFO [data-plane Kafka Request Handler on Broker 0], shutting down (kafka.server.KafkaRequestHandlerPool)
[2022-09-19 00:05:06,123] INFO [data-plane Kafka Request Handler on Broker 0], shut down completely (kafka.server.KafkaRequestHandlerPool)
[2022-09-19 00:05:06,124] INFO [ExpirationReaper-0-AlterAcls]: Shutting down (kafka.server.DelayedOperationPurgatory$ExpiredOperationReaper)
[2022-09-19 00:05:06,126] INFO [ExpirationReaper-0-AlterAcls]: Stopped (kafka.server.DelayedOperationPurgatory$ExpiredOperationReaper)
[2022-09-19 00:05:06,126] INFO [ExpirationReaper-0-AlterAcls]: Shutdown completed (kafka.server.DelayedOperationPurgatory$ExpiredOperationReaper)
[2022-09-19 00:05:06,127] INFO [KafkaApi-0] Shutdown complete. (kafka.server.KafkaApis)
[2022-09-19 00:05:06,127] INFO [ExpirationReaper-0-topic]: Shutting down (kafka.server.DelayedOperationPurgatory$ExpiredOperationReaper)
[2022-09-19 00:05:06,128] INFO [ExpirationReaper-0-topic]: Stopped (kafka.server.DelayedOperationPurgatory$ExpiredOperationReaper)
[2022-09-19 00:05:06,128] INFO [ExpirationReaper-0-topic]: Shutdown completed (kafka.server.DelayedOperationPurgatory$ExpiredOperationReaper)
[2022-09-19 00:05:06,129] INFO [TransactionCoordinator id=0] Shutting down. (kafka.coordinator.transaction.TransactionCoordinator)
[2022-09-19 00:05:06,129] INFO [Transaction State Manager 0]: Shutdown complete (kafka.coordinator.transaction.TransactionStateManager)
[2022-09-19 00:05:06,129] INFO [Transaction Marker Channel Manager 0]: Shutting down (kafka.coordinator.transaction.TransactionMarkerChannelManager)
[2022-09-19 00:05:06,130] INFO [Transaction Marker Channel Manager 0]: Stopped (kafka.coordinator.transaction.TransactionMarkerChannelManager)
[2022-09-19 00:05:06,130] INFO [Transaction Marker Channel Manager 0]: Shutdown completed (kafka.coordinator.transaction.TransactionMarkerChannelManager)
[2022-09-19 00:05:06,130] INFO [TransactionCoordinator id=0] Shutdown complete. (kafka.coordinator.transaction.TransactionCoordinator)
[2022-09-19 00:05:06,130] INFO [GroupCoordinator 0]: Shutting down. (kafka.coordinator.group.GroupCoordinator)
[2022-09-19 00:05:06,131] INFO [ExpirationReaper-0-Heartbeat]: Shutting down (kafka.server.DelayedOperationPurgatory$ExpiredOperationReaper)
[2022-09-19 00:05:06,131] INFO [ExpirationReaper-0-Heartbeat]: Stopped (kafka.server.DelayedOperationPurgatory$ExpiredOperationReaper)
[2022-09-19 00:05:06,131] INFO [ExpirationReaper-0-Heartbeat]: Shutdown completed (kafka.server.DelayedOperationPurgatory$ExpiredOperationReaper)
[2022-09-19 00:05:06,131] INFO [ExpirationReaper-0-Rebalance]: Shutting down (kafka.server.DelayedOperationPurgatory$ExpiredOperationReaper)
[2022-09-19 00:05:06,131] INFO [ExpirationReaper-0-Rebalance]: Stopped (kafka.server.DelayedOperationPurgatory$ExpiredOperationReaper)
[2022-09-19 00:05:06,132] INFO [ExpirationReaper-0-Rebalance]: Shutdown completed (kafka.server.DelayedOperationPurgatory$ExpiredOperationReaper)
[2022-09-19 00:05:06,132] INFO [GroupCoordinator 0]: Shutdown complete. (kafka.coordinator.group.GroupCoordinator)
[2022-09-19 00:05:06,132] INFO [ReplicaManager broker=0] Shutting down (kafka.server.ReplicaManager)
[2022-09-19 00:05:06,133] INFO [LogDirFailureHandler]: Shutting down (kafka.server.ReplicaManager$LogDirFailureHandler)
[2022-09-19 00:05:06,133] INFO [LogDirFailureHandler]: Stopped (kafka.server.ReplicaManager$LogDirFailureHandler)
[2022-09-19 00:05:06,133] INFO [LogDirFailureHandler]: Shutdown completed (kafka.server.ReplicaManager$LogDirFailureHandler)
[2022-09-19 00:05:06,133] INFO [ReplicaFetcherManager on broker 0] shutting down (kafka.server.ReplicaFetcherManager)
[2022-09-19 00:05:06,134] INFO [ReplicaFetcherManager on broker 0] shutdown completed (kafka.server.ReplicaFetcherManager)
[2022-09-19 00:05:06,134] INFO [ReplicaAlterLogDirsManager on broker 0] shutting down (kafka.server.ReplicaAlterLogDirsManager)
[2022-09-19 00:05:06,134] INFO [ReplicaAlterLogDirsManager on broker 0] shutdown completed (kafka.server.ReplicaAlterLogDirsManager)
[2022-09-19 00:05:06,134] INFO [ExpirationReaper-0-Fetch]: Shutting down (kafka.server.DelayedOperationPurgatory$ExpiredOperationReaper)
[2022-09-19 00:05:06,134] INFO [ExpirationReaper-0-Fetch]: Stopped (kafka.server.DelayedOperationPurgatory$ExpiredOperationReaper)
[2022-09-19 00:05:06,134] INFO [ExpirationReaper-0-Fetch]: Shutdown completed (kafka.server.DelayedOperationPurgatory$ExpiredOperationReaper)
[2022-09-19 00:05:06,135] INFO [ExpirationReaper-0-Produce]: Shutting down (kafka.server.DelayedOperationPurgatory$ExpiredOperationReaper)
[2022-09-19 00:05:06,135] INFO [ExpirationReaper-0-Produce]: Stopped (kafka.server.DelayedOperationPurgatory$ExpiredOperationReaper)
[2022-09-19 00:05:06,135] INFO [ExpirationReaper-0-Produce]: Shutdown completed (kafka.server.DelayedOperationPurgatory$ExpiredOperationReaper)
[2022-09-19 00:05:06,135] INFO [ExpirationReaper-0-DeleteRecords]: Shutting down (kafka.server.DelayedOperationPurgatory$ExpiredOperationReaper)
[2022-09-19 00:05:06,135] INFO [ExpirationReaper-0-DeleteRecords]: Stopped (kafka.server.DelayedOperationPurgatory$ExpiredOperationReaper)
[2022-09-19 00:05:06,135] INFO [ExpirationReaper-0-DeleteRecords]: Shutdown completed (kafka.server.DelayedOperationPurgatory$ExpiredOperationReaper)
[2022-09-19 00:05:06,136] INFO [ExpirationReaper-0-ElectLeader]: Shutting down (kafka.server.DelayedOperationPurgatory$ExpiredOperationReaper)
[2022-09-19 00:05:06,136] INFO [ExpirationReaper-0-ElectLeader]: Stopped (kafka.server.DelayedOperationPurgatory$ExpiredOperationReaper)
[2022-09-19 00:05:06,136] INFO [ExpirationReaper-0-ElectLeader]: Shutdown completed (kafka.server.DelayedOperationPurgatory$ExpiredOperationReaper)
[2022-09-19 00:05:06,137] INFO [ReplicaManager broker=0] Shut down completely (kafka.server.ReplicaManager)
[2022-09-19 00:05:06,138] INFO [BrokerToControllerChannelManager broker=0 name=alterPartition]: Shutting down (kafka.server.BrokerToControllerRequestThread)
[2022-09-19 00:05:06,138] INFO [BrokerToControllerChannelManager broker=0 name=alterPartition]: Stopped (kafka.server.BrokerToControllerRequestThread)
[2022-09-19 00:05:06,138] INFO [BrokerToControllerChannelManager broker=0 name=alterPartition]: Shutdown completed (kafka.server.BrokerToControllerRequestThread)
[2022-09-19 00:05:06,139] INFO Broker to controller channel manager for alterPartition shutdown (kafka.server.BrokerToControllerChannelManagerImpl)
[2022-09-19 00:05:06,139] INFO [BrokerToControllerChannelManager broker=0 name=forwarding]: Shutting down (kafka.server.BrokerToControllerRequestThread)
[2022-09-19 00:05:06,139] INFO [BrokerToControllerChannelManager broker=0 name=forwarding]: Stopped (kafka.server.BrokerToControllerRequestThread)
[2022-09-19 00:05:06,139] INFO [BrokerToControllerChannelManager broker=0 name=forwarding]: Shutdown completed (kafka.server.BrokerToControllerRequestThread)
[2022-09-19 00:05:06,139] INFO Broker to controller channel manager for forwarding shutdown (kafka.server.BrokerToControllerChannelManagerImpl)
[2022-09-19 00:05:06,139] INFO Shutting down. (kafka.log.LogManager)
[2022-09-19 00:05:06,156] INFO Shutdown complete. (kafka.log.LogManager)
[2022-09-19 00:05:06,165] INFO [feature-zk-node-event-process-thread]: Shutting down (kafka.server.FinalizedFeatureChangeListener$ChangeNotificationProcessorThread)
[2022-09-19 00:05:06,165] INFO [feature-zk-node-event-process-thread]: Stopped (kafka.server.FinalizedFeatureChangeListener$ChangeNotificationProcessorThread)
[2022-09-19 00:05:06,165] INFO [feature-zk-node-event-process-thread]: Shutdown completed (kafka.server.FinalizedFeatureChangeListener$ChangeNotificationProcessorThread)
[2022-09-19 00:05:06,165] INFO [ZooKeeperClient Kafka server] Closing. (kafka.zookeeper.ZooKeeperClient)
[2022-09-19 00:05:06,272] INFO Session: 0x10001a2724c0000 closed (org.apache.zookeeper.ZooKeeper)
[2022-09-19 00:05:06,272] INFO EventThread shut down for session: 0x10001a2724c0000 (org.apache.zookeeper.ClientCnxn)
[2022-09-19 00:05:06,273] INFO [ZooKeeperClient Kafka server] Closed. (kafka.zookeeper.ZooKeeperClient)
[2022-09-19 00:05:06,273] INFO [ThrottledChannelReaper-Fetch]: Shutting down (kafka.server.ClientQuotaManager$ThrottledChannelReaper)
[2022-09-19 00:05:06,275] INFO [ThrottledChannelReaper-Fetch]: Stopped (kafka.server.ClientQuotaManager$ThrottledChannelReaper)
[2022-09-19 00:05:06,275] INFO [ThrottledChannelReaper-Fetch]: Shutdown completed (kafka.server.ClientQuotaManager$ThrottledChannelReaper)
[2022-09-19 00:05:06,275] INFO [ThrottledChannelReaper-Produce]: Shutting down (kafka.server.ClientQuotaManager$ThrottledChannelReaper)
[2022-09-19 00:05:06,275] INFO [ThrottledChannelReaper-Produce]: Stopped (kafka.server.ClientQuotaManager$ThrottledChannelReaper)
[2022-09-19 00:05:06,275] INFO [ThrottledChannelReaper-Produce]: Shutdown completed (kafka.server.ClientQuotaManager$ThrottledChannelReaper)
[2022-09-19 00:05:06,275] INFO [ThrottledChannelReaper-Request]: Shutting down (kafka.server.ClientQuotaManager$ThrottledChannelReaper)
[2022-09-19 00:05:06,275] INFO [ThrottledChannelReaper-Request]: Stopped (kafka.server.ClientQuotaManager$ThrottledChannelReaper)
[2022-09-19 00:05:06,275] INFO [ThrottledChannelReaper-Request]: Shutdown completed (kafka.server.ClientQuotaManager$ThrottledChannelReaper)
[2022-09-19 00:05:06,275] INFO [ThrottledChannelReaper-ControllerMutation]: Shutting down (kafka.server.ClientQuotaManager$ThrottledChannelReaper)
[2022-09-19 00:05:06,275] INFO [ThrottledChannelReaper-ControllerMutation]: Stopped (kafka.server.ClientQuotaManager$ThrottledChannelReaper)
[2022-09-19 00:05:06,275] INFO [ThrottledChannelReaper-ControllerMutation]: Shutdown completed (kafka.server.ClientQuotaManager$ThrottledChannelReaper)
[2022-09-19 00:05:06,276] INFO [SocketServer listenerType=ZK_BROKER, nodeId=0] Shutting down socket server (kafka.network.SocketServer)
[2022-09-19 00:05:06,298] INFO [SocketServer listenerType=ZK_BROKER, nodeId=0] Shutdown completed (kafka.network.SocketServer)
[2022-09-19 00:05:06,298] INFO Metrics scheduler closed (org.apache.kafka.common.metrics.Metrics)
[2022-09-19 00:05:06,299] INFO Closing reporter org.apache.kafka.common.metrics.JmxReporter (org.apache.kafka.common.metrics.Metrics)
[2022-09-19 00:05:06,299] INFO Metrics reporters closed (org.apache.kafka.common.metrics.Metrics)
[2022-09-19 00:05:06,300] INFO Broker and topic stats closed (kafka.server.BrokerTopicStats)
[2022-09-19 00:05:06,300] INFO App info kafka.server for 0 unregistered (org.apache.kafka.common.utils.AppInfoParser)
[2022-09-19 00:05:06,300] INFO [KafkaServer id=0] shut down completed (kafka.server.KafkaServer)
